<?xml version="1.0" encoding="UTF-8"?>
<testsuite xmlns:xsi="http://www.w3.org/2001/XMLSchema-instance" xsi:noNamespaceSchemaLocation="https://maven.apache.org/surefire/maven-surefire-plugin/xsd/surefire-test-report-3.0.xsd" version="3.0" name="com.example.DriverApp.DriverAppApplicationTests" time="46.733" tests="1" errors="0" skipped="0" failures="0">
  <properties>
[...]
</properties>
  <testcase name="contextLoads" classname="com.example.DriverApp.DriverAppApplicationTests" time="1.563">
    <system-out><![CDATA[23:53:31.933 [main] INFO org.springframework.test.context.support.AnnotationConfigContextLoaderUtils -- Could not detect default configuration classes for test class [com.example.DriverApp.DriverAppApplicationTests]: DriverAppApplicationTests does not declare any static, non-private, non-final, nested classes annotated with @Configuration.
23:53:32.245 [main] INFO org.springframework.boot.test.context.SpringBootTestContextBootstrapper -- Found @SpringBootConfiguration com.example.DriverApp.DriverAppApplication for test class com.example.DriverApp.DriverAppApplicationTests

  .   ____          _            __ _ _
 /\\ / ___'_ __ _ _(_)_ __  __ _ \ \ \ \
( ( )\___ | '_ | '_| | '_ \/ _` | \ \ \ \
 \\/  ___)| |_)| | | | | || (_| |  ) ) ) )
  '  |____| .__|_| |_|_| |_\__, | / / / /
 =========|_|==============|___/=/_/_/_/

 :: Spring Boot ::                (v3.3.4)

2024-11-15T23:53:33.129-08:00  WARN 12840 --- [DriverApp] [           main] ory$DuplicateJsonObjectContextCustomizer : 

Found multiple occurrences of org.json.JSONObject on the class path:

	jar:file:/C:/Users/user/.m2/repository/com/vaadin/external/google/android-json/0.0.20131108.vaadin1/android-json-0.0.20131108.vaadin1.jar!/org/json/JSONObject.class
	jar:file:/C:/Users/user/.m2/repository/org/json/json/20210307/json-20210307.jar!/org/json/JSONObject.class

You may wish to exclude one of them to ensure predictable runtime behavior

2024-11-15T23:53:33.210-08:00  INFO 12840 --- [DriverApp] [           main] c.e.DriverApp.DriverAppApplicationTests  : Starting DriverAppApplicationTests using Java 21.0.5 with PID 12840 (started by user in C:\Projects\DriverApp)
2024-11-15T23:53:33.219-08:00  INFO 12840 --- [DriverApp] [           main] c.e.DriverApp.DriverAppApplicationTests  : No active profile set, falling back to 1 default profile: "default"
2024-11-15T23:53:37.590-08:00  INFO 12840 --- [DriverApp] [           main] .s.d.r.c.RepositoryConfigurationDelegate : Bootstrapping Spring Data JPA repositories in DEFAULT mode.
2024-11-15T23:53:37.945-08:00  INFO 12840 --- [DriverApp] [           main] .s.d.r.c.RepositoryConfigurationDelegate : Finished Spring Data repository scanning in 330 ms. Found 13 JPA repository interfaces.
2024-11-15T23:53:40.760-08:00  INFO 12840 --- [DriverApp] [           main] o.hibernate.jpa.internal.util.LogHelper  : HHH000204: Processing PersistenceUnitInfo [name: default]
2024-11-15T23:53:41.193-08:00  INFO 12840 --- [DriverApp] [           main] org.hibernate.Version                    : HHH000412: Hibernate ORM core version 6.5.3.Final
2024-11-15T23:53:41.304-08:00  INFO 12840 --- [DriverApp] [           main] o.h.c.internal.RegionFactoryInitiator    : HHH000026: Second-level cache disabled
2024-11-15T23:53:42.485-08:00  INFO 12840 --- [DriverApp] [           main] o.s.o.j.p.SpringPersistenceUnitInfo      : No LoadTimeWeaver setup: ignoring JPA class transformer
2024-11-15T23:53:42.655-08:00  INFO 12840 --- [DriverApp] [           main] com.zaxxer.hikari.HikariDataSource       : HikariPool-1 - Starting...
2024-11-15T23:53:46.333-08:00  INFO 12840 --- [DriverApp] [           main] com.zaxxer.hikari.pool.HikariPool        : HikariPool-1 - Added connection org.postgresql.jdbc.PgConnection@67d180e4
2024-11-15T23:53:46.335-08:00  INFO 12840 --- [DriverApp] [           main] com.zaxxer.hikari.HikariDataSource       : HikariPool-1 - Start completed.
2024-11-15T23:53:46.758-08:00  WARN 12840 --- [DriverApp] [           main] org.hibernate.orm.deprecation            : HHH90000025: PostgreSQLDialect does not need to be specified explicitly using 'hibernate.dialect' (remove the property setting and it will be selected by default)
2024-11-15T23:53:50.563-08:00  INFO 12840 --- [DriverApp] [           main] o.h.e.t.j.p.i.JtaPlatformInitiator       : HHH000489: No JTA platform available (set 'hibernate.transaction.jta.platform' to enable JTA platform integration)
2024-11-15T23:53:50.973-08:00  INFO 12840 --- [DriverApp] [           main] org.hibernate.orm.connections.access     : HHH10001501: Connection obtained from JdbcConnectionAccess [org.hibernate.engine.jdbc.env.internal.JdbcEnvironmentInitiator$ConnectionProviderJdbcConnectionAccess@3dceec83] for (non-JTA) DDL execution was not in auto-commit mode; the Connection 'local transaction' will be committed and the Connection will be set into auto-commit mode.
2024-11-15T23:54:03.330-08:00  INFO 12840 --- [DriverApp] [           main] j.LocalContainerEntityManagerFactoryBean : Initialized JPA EntityManagerFactory for persistence unit 'default'
2024-11-15T23:54:09.101-08:00  WARN 12840 --- [DriverApp] [           main] JpaBaseConfiguration$JpaWebConfiguration : spring.jpa.open-in-view is enabled by default. Therefore, database queries may be performed during view rendering. Explicitly configure spring.jpa.open-in-view to disable this warning
2024-11-15T23:54:12.720-08:00  INFO 12840 --- [DriverApp] [           main] o.s.b.a.e.web.EndpointLinksResolver      : Exposing 1 endpoint beneath base path '/actuator'
2024-11-15T23:54:16.022-08:00  INFO 12840 --- [DriverApp] [           main] o.s.m.s.b.SimpleBrokerMessageHandler     : Starting...
2024-11-15T23:54:16.024-08:00  INFO 12840 --- [DriverApp] [           main] o.s.m.s.b.SimpleBrokerMessageHandler     : BrokerAvailabilityEvent[available=true, SimpleBrokerMessageHandler [org.springframework.messaging.simp.broker.DefaultSubscriptionRegistry@2a64c8c3]]
2024-11-15T23:54:16.031-08:00  INFO 12840 --- [DriverApp] [           main] o.s.m.s.b.SimpleBrokerMessageHandler     : Started.
2024-11-15T23:54:16.195-08:00  INFO 12840 --- [DriverApp] [           main] c.e.DriverApp.DriverAppApplicationTests  : Started DriverAppApplicationTests in 43.642 seconds (process running for 46.47)
Cloudinary bean initialized successfully!
]]></system-out>
    <system-err><![CDATA[WARNING: A Java agent has been loaded dynamically (C:\Users\user\.m2\repository\net\bytebuddy\byte-buddy-agent\1.14.19\byte-buddy-agent-1.14.19.jar)
WARNING: If a serviceability tool is in use, please run with -XX:+EnableDynamicAgentLoading to hide this warning
WARNING: If a serviceability tool is not in use, please run with -Djdk.instrument.traceUsage for more information
WARNING: Dynamic loading of agents will be disallowed by default in a future release
]]></system-err>
  </testcase>
</testsuite>